<?xml version="1.0" encoding="UTF-8"?>
<testng-results ignored="0" total="1" passed="1" failed="0" skipped="0">
  <reporter-output>
  </reporter-output>
  <suite started-at="2024-06-08T12:35:34 IST" name="Default suite" finished-at="2024-06-08T12:36:10 IST" duration-ms="36592">
    <groups>
    </groups>
    <test started-at="2024-06-08T12:35:34 IST" name="Default test" finished-at="2024-06-08T12:36:10 IST" duration-ms="36592">
      <class name="TestScripts.FlipkartTest">
        <test-method is-config="true" signature="startServer()[pri:0, instance:TestScripts.FlipkartTest@3eb25e1a]" started-at="2024-06-08T12:35:33 IST" name="startServer" finished-at="2024-06-08T12:35:34 IST" duration-ms="158" status="PASS">
          <reporter-output>
          </reporter-output>
        </test-method> <!-- startServer -->
        <test-method is-config="true" signature="setUp()[pri:0, instance:TestScripts.FlipkartTest@3eb25e1a]" started-at="2024-06-08T12:35:34 IST" name="setUp" finished-at="2024-06-08T12:35:53 IST" duration-ms="19558" status="PASS">
          <reporter-output>
          </reporter-output>
        </test-method> <!-- setUp -->
        <test-method signature="searchAndPrintPrices()[pri:0, instance:TestScripts.FlipkartTest@3eb25e1a]" started-at="2024-06-08T12:35:53 IST" name="searchAndPrintPrices" finished-at="2024-06-08T12:36:10 IST" duration-ms="16980" status="PASS">
          <reporter-output>
          </reporter-output>
        </test-method> <!-- searchAndPrintPrices -->
        <test-method is-config="true" signature="stopServer()[pri:0, instance:TestScripts.FlipkartTest@3eb25e1a]" started-at="2024-06-08T12:36:10 IST" name="stopServer" finished-at="2024-06-08T12:36:10 IST" duration-ms="58" status="PASS">
          <reporter-output>
          </reporter-output>
        </test-method> <!-- stopServer -->
      </class> <!-- TestScripts.FlipkartTest -->
    </test> <!-- Default test -->
  </suite> <!-- Default suite -->
</testng-results>
